{"level":"info","msg":"Traefik version 2.10.7 built on 2023-12-06T15:54:59Z","time":"2025-03-16T17:41:40Z"}
{"level":"debug","msg":"Static configuration loaded {\"global\":{},\"serversTransport\":{\"maxIdleConnsPerHost\":200},\"entryPoints\":{\"dashboard\":{\"address\":\":8081\",\"transport\":{\"lifeCycle\":{\"graceTimeOut\":\"10s\"},\"respondingTimeouts\":{\"idleTimeout\":\"3m0s\"}},\"forwardedHeaders\":{},\"http\":{},\"http2\":{\"maxConcurrentStreams\":250},\"udp\":{\"timeout\":\"3s\"}},\"mongodb\":{\"address\":\":27017\",\"transport\":{\"lifeCycle\":{\"graceTimeOut\":\"10s\"},\"respondingTimeouts\":{\"idleTimeout\":\"1h0m0s\"}},\"forwardedHeaders\":{},\"http\":{},\"http2\":{\"maxConcurrentStreams\":250},\"udp\":{\"timeout\":\"3s\"}},\"traefik\":{\"address\":\":8080\",\"transport\":{\"lifeCycle\":{\"graceTimeOut\":\"10s\"},\"respondingTimeouts\":{\"idleTimeout\":\"3m0s\"}},\"forwardedHeaders\":{},\"http\":{},\"http2\":{\"maxConcurrentStreams\":250},\"udp\":{\"timeout\":\"3s\"}},\"web\":{\"address\":\":80\",\"transport\":{\"lifeCycle\":{\"graceTimeOut\":\"10s\"},\"respondingTimeouts\":{\"idleTimeout\":\"3m0s\"}},\"forwardedHeaders\":{},\"http\":{},\"http2\":{\"maxConcurrentStreams\":250},\"udp\":{\"timeout\":\"3s\"}},\"websecure\":{\"address\":\":443\",\"transport\":{\"lifeCycle\":{\"graceTimeOut\":\"10s\"},\"respondingTimeouts\":{\"idleTimeout\":\"3m0s\"}},\"forwardedHeaders\":{},\"http\":{},\"http2\":{\"maxConcurrentStreams\":250},\"udp\":{\"timeout\":\"3s\"}}},\"providers\":{\"providersThrottleDuration\":\"2s\",\"docker\":{\"watch\":true,\"endpoint\":\"unix:///var/run/docker.sock\",\"defaultRule\":\"Host(`{{ normalize .Name }}`)\",\"network\":\"traefik-network\",\"swarmModeRefreshSeconds\":\"15s\"},\"file\":{\"watch\":true,\"filename\":\"/etc/traefik/dynamic.yml\"}},\"api\":{\"insecure\":true,\"dashboard\":true},\"ping\":{\"entryPoint\":\"dashboard\",\"terminatingStatusCode\":503},\"log\":{\"level\":\"DEBUG\",\"filePath\":\"/var/log/traefik/traefik.log\",\"format\":\"json\"},\"accessLog\":{\"filePath\":\"/var/log/traefik/access.log\",\"format\":\"json\",\"filters\":{},\"fields\":{\"defaultMode\":\"keep\",\"headers\":{\"defaultMode\":\"drop\"}},\"bufferingSize\":100},\"certificatesResolvers\":{\"default\":{\"acme\":{\"email\":\"m.taibou.i@gmail.com\",\"caServer\":\"https://acme-v02.api.letsencrypt.org/directory\",\"storage\":\"/etc/traefik/acme.json\",\"keyType\":\"RSA4096\",\"certificatesDuration\":2160,\"tlsChallenge\":{}}}}}","time":"2025-03-16T17:41:40Z"}
{"level":"info","msg":"\nStats collection is disabled.\nHelp us improve Traefik by turning this feature on :)\nMore details on: https://doc.traefik.io/traefik/contributing/data-collection/\n","time":"2025-03-16T17:41:40Z"}
{"level":"info","msg":"Starting provider aggregator aggregator.ProviderAggregator","time":"2025-03-16T17:41:40Z"}
{"entryPointName":"web","level":"debug","msg":"Starting TCP Server","time":"2025-03-16T17:41:40Z"}
{"entryPointName":"mongodb","level":"debug","msg":"Starting TCP Server","time":"2025-03-16T17:41:40Z"}
{"entryPointName":"websecure","level":"debug","msg":"Starting TCP Server","time":"2025-03-16T17:41:40Z"}
{"entryPointName":"traefik","level":"debug","msg":"Starting TCP Server","time":"2025-03-16T17:41:40Z"}
{"entryPointName":"dashboard","level":"debug","msg":"Starting TCP Server","time":"2025-03-16T17:41:40Z"}
{"level":"info","msg":"Starting provider *file.Provider","time":"2025-03-16T17:41:40Z"}
{"level":"debug","msg":"*file.Provider provider configuration: {\"watch\":true,\"filename\":\"/etc/traefik/dynamic.yml\"}","time":"2025-03-16T17:41:40Z"}
{"level":"error","msg":"Error while building configuration (for the first time): services cannot be a standalone element (type map[string]*dynamic.Service)","providerName":"file","time":"2025-03-16T17:41:40Z"}
{"level":"info","msg":"Starting provider *traefik.Provider","time":"2025-03-16T17:41:40Z"}
{"level":"debug","msg":"*traefik.Provider provider configuration: {}","time":"2025-03-16T17:41:40Z"}
{"level":"info","msg":"Starting provider *docker.Provider","time":"2025-03-16T17:41:40Z"}
{"level":"info","msg":"Starting provider *acme.Provider","time":"2025-03-16T17:41:40Z"}
{"level":"debug","msg":"*acme.Provider provider configuration: {\"email\":\"m.taibou.i@gmail.com\",\"caServer\":\"https://acme-v02.api.letsencrypt.org/directory\",\"storage\":\"/etc/traefik/acme.json\",\"keyType\":\"RSA4096\",\"certificatesDuration\":2160,\"tlsChallenge\":{},\"ResolverName\":\"default\",\"store\":{},\"TLSChallengeProvider\":{},\"HTTPChallengeProvider\":{}}","time":"2025-03-16T17:41:40Z"}
{"ACME CA":"https://acme-v02.api.letsencrypt.org/directory","level":"debug","msg":"Attempt to renew certificates \"720h0m0s\" before expiry and check every \"24h0m0s\"","providerName":"default.acme","time":"2025-03-16T17:41:40Z"}
{"level":"debug","msg":"Configuration received: {\"http\":{\"routers\":{\"api\":{\"entryPoints\":[\"traefik\"],\"service\":\"api@internal\",\"rule\":\"PathPrefix(`/api`)\",\"priority\":2147483646},\"dashboard\":{\"entryPoints\":[\"traefik\"],\"middlewares\":[\"dashboard_redirect@internal\",\"dashboard_stripprefix@internal\"],\"service\":\"dashboard@internal\",\"rule\":\"PathPrefix(`/`)\",\"priority\":2147483645},\"ping\":{\"entryPoints\":[\"dashboard\"],\"service\":\"ping@internal\",\"rule\":\"PathPrefix(`/ping`)\",\"priority\":2147483647}},\"services\":{\"api\":{},\"dashboard\":{},\"noop\":{},\"ping\":{}},\"middlewares\":{\"dashboard_redirect\":{\"redirectRegex\":{\"regex\":\"^(http:\\\\/\\\\/(\\\\[[\\\\w:.]+\\\\]|[\\\\w\\\\._-]+)(:\\\\d+)?)\\\\/$\",\"replacement\":\"${1}/dashboard/\",\"permanent\":true}},\"dashboard_stripprefix\":{\"stripPrefix\":{\"prefixes\":[\"/dashboard/\",\"/dashboard\"]}}},\"serversTransports\":{\"default\":{\"maxIdleConnsPerHost\":200}}},\"tcp\":{},\"udp\":{},\"tls\":{}}","providerName":"internal","time":"2025-03-16T17:41:40Z"}
{"level":"info","msg":"Starting provider *acme.ChallengeTLSALPN","time":"2025-03-16T17:41:40Z"}
{"level":"debug","msg":"*acme.ChallengeTLSALPN provider configuration: {}","time":"2025-03-16T17:41:40Z"}
{"ACME CA":"https://acme-v02.api.letsencrypt.org/directory","level":"info","msg":"Testing certificate renew...","providerName":"default.acme","time":"2025-03-16T17:41:40Z"}
{"level":"debug","msg":"*docker.Provider provider configuration: {\"watch\":true,\"endpoint\":\"unix:///var/run/docker.sock\",\"defaultRule\":\"Host(`{{ normalize .Name }}`)\",\"network\":\"traefik-network\",\"swarmModeRefreshSeconds\":\"15s\"}","time":"2025-03-16T17:41:40Z"}
{"level":"debug","msg":"Configuration received: {\"http\":{},\"tcp\":{},\"udp\":{},\"tls\":{}}","providerName":"default.acme","time":"2025-03-16T17:41:40Z"}
{"level":"debug","msg":"Provider connection established with docker 27.3.1 (API 1.47)","providerName":"docker","time":"2025-03-16T17:41:40Z"}
{"container":"node-app-cloudlunacy-front-bb81ff766a784c5d6a025738f27fd9aa9b814a6ec118a704feaa358a9b6af4b3","level":"debug","msg":"Filtering disabled container","providerName":"docker","time":"2025-03-16T17:41:40Z"}
{"container":"mongodb-test-cloudlunacy-front-38b545a9f73206164bed034e3b05c917d3c7e624cc43112f57d056c86e34857e","level":"debug","msg":"Filtering unhealthy or starting container","providerName":"docker","time":"2025-03-16T17:41:40Z"}
{"container":"traefik-cloudlunacy-front-7526baea1345867ac01c7e93b09e8db0ed2eba3fe4c2e1a4ac2285cbae288adb","level":"debug","msg":"Filtering unhealthy or starting container","providerName":"docker","time":"2025-03-16T17:41:40Z"}
{"level":"debug","msg":"Configuration received: {\"http\":{},\"tcp\":{},\"udp\":{}}","providerName":"docker","time":"2025-03-16T17:41:40Z"}
{"level":"debug","msg":"No default certificate, fallback to the internal generated certificate","time":"2025-03-16T17:41:40Z","tlsStoreName":"default"}
{"entryPointName":"traefik","level":"debug","middlewareName":"tracing","middlewareType":"TracingForwarder","msg":"Added outgoing tracing middleware dashboard@internal","routerName":"dashboard@internal","time":"2025-03-16T17:41:40Z"}
{"entryPointName":"traefik","level":"debug","middlewareName":"dashboard_stripprefix@internal","middlewareType":"StripPrefix","msg":"Creating middleware","routerName":"dashboard@internal","time":"2025-03-16T17:41:40Z"}
{"entryPointName":"traefik","level":"debug","middlewareName":"dashboard_stripprefix@internal","msg":"Adding tracing to middleware","routerName":"dashboard@internal","time":"2025-03-16T17:41:40Z"}
{"entryPointName":"traefik","level":"debug","middlewareName":"dashboard_redirect@internal","middlewareType":"RedirectRegex","msg":"Creating middleware","routerName":"dashboard@internal","time":"2025-03-16T17:41:40Z"}
{"entryPointName":"traefik","level":"debug","middlewareName":"dashboard_redirect@internal","middlewareType":"RedirectRegex","msg":"Setting up redirection from ^(http:\\/\\/(\\[[\\w:.]+\\]|[\\w\\._-]+)(:\\d+)?)\\/$ to ${1}/dashboard/","routerName":"dashboard@internal","time":"2025-03-16T17:41:40Z"}
{"entryPointName":"traefik","level":"debug","middlewareName":"dashboard_redirect@internal","msg":"Adding tracing to middleware","routerName":"dashboard@internal","time":"2025-03-16T17:41:40Z"}
{"entryPointName":"traefik","level":"debug","middlewareName":"tracing","middlewareType":"TracingForwarder","msg":"Added outgoing tracing middleware api@internal","routerName":"api@internal","time":"2025-03-16T17:41:40Z"}
{"entryPointName":"traefik","level":"debug","middlewareName":"traefik-internal-recovery","middlewareType":"Recovery","msg":"Creating middleware","time":"2025-03-16T17:41:40Z"}
{"entryPointName":"dashboard","level":"debug","middlewareName":"tracing","middlewareType":"TracingForwarder","msg":"Added outgoing tracing middleware ping@internal","routerName":"ping@internal","time":"2025-03-16T17:41:40Z"}
{"entryPointName":"dashboard","level":"debug","middlewareName":"traefik-internal-recovery","middlewareType":"Recovery","msg":"Creating middleware","time":"2025-03-16T17:41:40Z"}
{"level":"debug","msg":"No default certificate, fallback to the internal generated certificate","time":"2025-03-16T17:41:40Z","tlsStoreName":"default"}
{"entryPointName":"traefik","level":"debug","middlewareName":"tracing","middlewareType":"TracingForwarder","msg":"Added outgoing tracing middleware dashboard@internal","routerName":"dashboard@internal","time":"2025-03-16T17:41:40Z"}
{"entryPointName":"traefik","level":"debug","middlewareName":"dashboard_stripprefix@internal","middlewareType":"StripPrefix","msg":"Creating middleware","routerName":"dashboard@internal","time":"2025-03-16T17:41:40Z"}
{"entryPointName":"traefik","level":"debug","middlewareName":"dashboard_stripprefix@internal","msg":"Adding tracing to middleware","routerName":"dashboard@internal","time":"2025-03-16T17:41:40Z"}
{"entryPointName":"traefik","level":"debug","middlewareName":"dashboard_redirect@internal","middlewareType":"RedirectRegex","msg":"Creating middleware","routerName":"dashboard@internal","time":"2025-03-16T17:41:40Z"}
{"entryPointName":"traefik","level":"debug","middlewareName":"dashboard_redirect@internal","middlewareType":"RedirectRegex","msg":"Setting up redirection from ^(http:\\/\\/(\\[[\\w:.]+\\]|[\\w\\._-]+)(:\\d+)?)\\/$ to ${1}/dashboard/","routerName":"dashboard@internal","time":"2025-03-16T17:41:40Z"}
{"entryPointName":"traefik","level":"debug","middlewareName":"dashboard_redirect@internal","msg":"Adding tracing to middleware","routerName":"dashboard@internal","time":"2025-03-16T17:41:40Z"}
{"entryPointName":"traefik","level":"debug","middlewareName":"tracing","middlewareType":"TracingForwarder","msg":"Added outgoing tracing middleware api@internal","routerName":"api@internal","time":"2025-03-16T17:41:40Z"}
{"entryPointName":"traefik","level":"debug","middlewareName":"traefik-internal-recovery","middlewareType":"Recovery","msg":"Creating middleware","time":"2025-03-16T17:41:40Z"}
{"entryPointName":"dashboard","level":"debug","middlewareName":"tracing","middlewareType":"TracingForwarder","msg":"Added outgoing tracing middleware ping@internal","routerName":"ping@internal","time":"2025-03-16T17:41:40Z"}
{"entryPointName":"dashboard","level":"debug","middlewareName":"traefik-internal-recovery","middlewareType":"Recovery","msg":"Creating middleware","time":"2025-03-16T17:41:40Z"}
{"level":"debug","msg":"Provider event received {Status:health_status: healthy ID:7526baea1345867ac01c7e93b09e8db0ed2eba3fe4c2e1a4ac2285cbae288adb From:traefik:v2.10 Type:container Action:health_status: healthy Actor:{ID:7526baea1345867ac01c7e93b09e8db0ed2eba3fe4c2e1a4ac2285cbae288adb Attributes:map[com.docker.compose.config-hash:a371dd7e7c9b4ba74be059c4e76355f23c8d1f7f95f338b4368c7bf2c20c7c83 com.docker.compose.container-number:1 com.docker.compose.depends_on: com.docker.compose.image:sha256:6341b98aec5ec8969b99e9730f4c5b22cca3103d42b6bbe4b7a3c910758fe565 com.docker.compose.oneoff:False com.docker.compose.project:cloudlunacy_front com.docker.compose.project.config_files:/Users/mahamadoutaibou/Github/cloudlunacy_front/docker-compose.dev.yml com.docker.compose.project.working_dir:/Users/mahamadoutaibou/Github/cloudlunacy_front com.docker.compose.service:traefik com.docker.compose.version:2.30.3 desktop.docker.io/binds/0/Source:/var/run/docker.sock desktop.docker.io/binds/0/SourceKind:dockerSocketProxied desktop.docker.io/binds/0/Target:/var/run/docker.sock desktop.docker.io/binds/1/Source:/Users/mahamadoutaibou/Github/cloudlunacy_front/config desktop.docker.io/binds/1/SourceKind:hostFile desktop.docker.io/binds/1/Target:/etc/traefik desktop.docker.io/binds/2/Source:/Users/mahamadoutaibou/Github/cloudlunacy_front/traefik-certs desktop.docker.io/binds/2/SourceKind:hostFile desktop.docker.io/binds/2/Target:/traefik-certs desktop.docker.io/binds/3/Source:/Users/mahamadoutaibou/Github/cloudlunacy_front/logs desktop.docker.io/binds/3/SourceKind:hostFile desktop.docker.io/binds/3/Target:/var/log/traefik image:traefik:v2.10 name:traefik-dev org.opencontainers.image.description:A modern reverse-proxy org.opencontainers.image.documentation:https://docs.traefik.io org.opencontainers.image.source:https://github.com/traefik/traefik org.opencontainers.image.title:Traefik org.opencontainers.image.url:https://traefik.io org.opencontainers.image.vendor:Traefik Labs org.opencontainers.image.version:v2.10.7 traefik.enable:true traefik.http.routers.dashboard.entrypoints:dashboard traefik.http.routers.dashboard.rule:Host(`traefik.localhost`) traefik.http.routers.dashboard.service:api@internal]} Scope:local Time:1742146905 TimeNano:1742146905267462546}","providerName":"docker","time":"2025-03-16T17:41:45Z"}
{"container":"node-app-cloudlunacy-front-bb81ff766a784c5d6a025738f27fd9aa9b814a6ec118a704feaa358a9b6af4b3","level":"debug","msg":"Filtering disabled container","providerName":"docker","time":"2025-03-16T17:41:45Z"}
{"container":"mongodb-test-cloudlunacy-front-38b545a9f73206164bed034e3b05c917d3c7e624cc43112f57d056c86e34857e","level":"debug","msg":"Filtering unhealthy or starting container","providerName":"docker","time":"2025-03-16T17:41:45Z"}
{"level":"debug","msg":"Configuration received: {\"http\":{\"routers\":{\"dashboard\":{\"entryPoints\":[\"dashboard\"],\"service\":\"api@internal\",\"rule\":\"Host(`traefik.localhost`)\"}},\"services\":{\"traefik-cloudlunacy-front\":{\"loadBalancer\":{\"servers\":[{\"url\":\"http://172.19.0.2:80\"}],\"passHostHeader\":true}}}},\"tcp\":{},\"udp\":{}}","providerName":"docker","time":"2025-03-16T17:41:45Z"}
{"level":"debug","msg":"Provider event received {Status:health_status: healthy ID:bb81ff766a784c5d6a025738f27fd9aa9b814a6ec118a704feaa358a9b6af4b3 From:cloudlunacy_front-node-app Type:container Action:health_status: healthy Actor:{ID:bb81ff766a784c5d6a025738f27fd9aa9b814a6ec118a704feaa358a9b6af4b3 Attributes:map[com.docker.compose.config-hash:c520585b8e3f37bf29af0a0fdfee5a74d42d7a9ecbcbfd35f27c04514809bf4e com.docker.compose.container-number:1 com.docker.compose.depends_on:traefik:service_started:false com.docker.compose.image:sha256:95c0d29c87670af0c24131fcdbc8336da1ab662f1ac909c53b350717f160886a com.docker.compose.oneoff:False com.docker.compose.project:cloudlunacy_front com.docker.compose.project.config_files:/Users/mahamadoutaibou/Github/cloudlunacy_front/docker-compose.dev.yml com.docker.compose.project.working_dir:/Users/mahamadoutaibou/Github/cloudlunacy_front com.docker.compose.service:node-app com.docker.compose.version:2.30.3 desktop.docker.io/binds/0/Source:/Users/mahamadoutaibou/Github/cloudlunacy_front/config desktop.docker.io/binds/0/SourceKind:hostFile desktop.docker.io/binds/0/Target:/app/config desktop.docker.io/binds/1/Source:/Users/mahamadoutaibou/Github/cloudlunacy_front/logs desktop.docker.io/binds/1/SourceKind:hostFile desktop.docker.io/binds/1/Target:/app/logs desktop.docker.io/binds/2/Source:/Users/mahamadoutaibou/Github/cloudlunacy_front/node-app desktop.docker.io/binds/2/SourceKind:hostFile desktop.docker.io/binds/2/Target:/app desktop.docker.io/binds/3/Source:/var/run/docker.sock desktop.docker.io/binds/3/SourceKind:dockerSocketProxied desktop.docker.io/binds/3/Target:/var/run/docker.sock image:cloudlunacy_front-node-app name:cloudlunacy-front-dev]} Scope:local Time:1742146905 TimeNano:1742146905402029212}","providerName":"docker","time":"2025-03-16T17:41:45Z"}
{"level":"debug","msg":"No default certificate, fallback to the internal generated certificate","time":"2025-03-16T17:41:45Z","tlsStoreName":"default"}
{"entryPointName":"traefik","level":"debug","middlewareName":"tracing","middlewareType":"TracingForwarder","msg":"Added outgoing tracing middleware dashboard@internal","routerName":"dashboard@internal","time":"2025-03-16T17:41:45Z"}
{"entryPointName":"traefik","level":"debug","middlewareName":"dashboard_stripprefix@internal","middlewareType":"StripPrefix","msg":"Creating middleware","routerName":"dashboard@internal","time":"2025-03-16T17:41:45Z"}
{"entryPointName":"traefik","level":"debug","middlewareName":"dashboard_stripprefix@internal","msg":"Adding tracing to middleware","routerName":"dashboard@internal","time":"2025-03-16T17:41:45Z"}
{"entryPointName":"traefik","level":"debug","middlewareName":"dashboard_redirect@internal","middlewareType":"RedirectRegex","msg":"Creating middleware","routerName":"dashboard@internal","time":"2025-03-16T17:41:45Z"}
{"entryPointName":"traefik","level":"debug","middlewareName":"dashboard_redirect@internal","middlewareType":"RedirectRegex","msg":"Setting up redirection from ^(http:\\/\\/(\\[[\\w:.]+\\]|[\\w\\._-]+)(:\\d+)?)\\/$ to ${1}/dashboard/","routerName":"dashboard@internal","time":"2025-03-16T17:41:45Z"}
{"entryPointName":"traefik","level":"debug","middlewareName":"dashboard_redirect@internal","msg":"Adding tracing to middleware","routerName":"dashboard@internal","time":"2025-03-16T17:41:45Z"}
{"entryPointName":"traefik","level":"debug","middlewareName":"tracing","middlewareType":"TracingForwarder","msg":"Added outgoing tracing middleware api@internal","routerName":"api@internal","time":"2025-03-16T17:41:45Z"}
{"entryPointName":"traefik","level":"debug","middlewareName":"traefik-internal-recovery","middlewareType":"Recovery","msg":"Creating middleware","time":"2025-03-16T17:41:45Z"}
{"entryPointName":"dashboard","level":"debug","middlewareName":"tracing","middlewareType":"TracingForwarder","msg":"Added outgoing tracing middleware ping@internal","routerName":"ping@internal","time":"2025-03-16T17:41:45Z"}
{"entryPointName":"dashboard","level":"debug","middlewareName":"tracing","middlewareType":"TracingForwarder","msg":"Added outgoing tracing middleware api@internal","routerName":"dashboard@docker","time":"2025-03-16T17:41:45Z"}
{"entryPointName":"dashboard","level":"debug","middlewareName":"traefik-internal-recovery","middlewareType":"Recovery","msg":"Creating middleware","time":"2025-03-16T17:41:45Z"}
{"container":"node-app-cloudlunacy-front-bb81ff766a784c5d6a025738f27fd9aa9b814a6ec118a704feaa358a9b6af4b3","level":"debug","msg":"Filtering disabled container","providerName":"docker","time":"2025-03-16T17:41:45Z"}
{"container":"mongodb-test-cloudlunacy-front-38b545a9f73206164bed034e3b05c917d3c7e624cc43112f57d056c86e34857e","level":"debug","msg":"Filtering unhealthy or starting container","providerName":"docker","time":"2025-03-16T17:41:45Z"}
{"level":"debug","msg":"Provider event received {Status:health_status: healthy ID:38b545a9f73206164bed034e3b05c917d3c7e624cc43112f57d056c86e34857e From:mongo:6.0 Type:container Action:health_status: healthy Actor:{ID:38b545a9f73206164bed034e3b05c917d3c7e624cc43112f57d056c86e34857e Attributes:map[com.docker.compose.config-hash:549d06ca1e544c4eddab01e9ba94676f4979a7f8cd6b10a787387840ea2d6bc9 com.docker.compose.container-number:1 com.docker.compose.depends_on: com.docker.compose.image:sha256:eb5819129dee31a32982a940b6e32c9873fed05b5e938b65f802bb96dca8753d com.docker.compose.oneoff:False com.docker.compose.project:cloudlunacy_front com.docker.compose.project.config_files:/Users/mahamadoutaibou/Github/cloudlunacy_front/docker-compose.dev.yml com.docker.compose.project.working_dir:/Users/mahamadoutaibou/Github/cloudlunacy_front com.docker.compose.service:mongodb-test com.docker.compose.version:2.30.3 image:mongo:6.0 name:mongodb-test org.opencontainers.image.ref.name:ubuntu org.opencontainers.image.version:22.04 traefik.enable:true traefik.tcp.routers.mongodb-test.entrypoints:mongodb traefik.tcp.routers.mongodb-test.rule:HostSNI(`test.mongodb.localhost`) traefik.tcp.routers.mongodb-test.service:mongodb-test traefik.tcp.services.mongodb-test.loadbalancer.server.port:27017]} Scope:local Time:1742146905 TimeNano:1742146905681607046}","providerName":"docker","time":"2025-03-16T17:41:45Z"}
{"container":"node-app-cloudlunacy-front-bb81ff766a784c5d6a025738f27fd9aa9b814a6ec118a704feaa358a9b6af4b3","level":"debug","msg":"Filtering disabled container","providerName":"docker","time":"2025-03-16T17:41:45Z"}
{"container":"mongodb-test-cloudlunacy-front-38b545a9f73206164bed034e3b05c917d3c7e624cc43112f57d056c86e34857e","level":"debug","msg":"Could not find network named \"traefik-network\" for container \"/mongodb-test\". Maybe you're missing the project's prefix in the label?","providerName":"docker","serviceName":"mongodb-test","time":"2025-03-16T17:41:45Z"}
{"container":"mongodb-test-cloudlunacy-front-38b545a9f73206164bed034e3b05c917d3c7e624cc43112f57d056c86e34857e","level":"warning","msg":"Defaulting to first available network (\u0026{\"cloudlunacy-network\" \"172.20.0.2\" '\\x00' \"\" \"fb611ef8586b5e3db2d73e80a6810813380c3baa601584b3103d9143cdf1128f\"}) for container \"/mongodb-test\".","providerName":"docker","serviceName":"mongodb-test","time":"2025-03-16T17:41:45Z"}
{"level":"debug","msg":"Configuration received: {\"http\":{\"routers\":{\"dashboard\":{\"entryPoints\":[\"dashboard\"],\"service\":\"api@internal\",\"rule\":\"Host(`traefik.localhost`)\"}},\"services\":{\"traefik-cloudlunacy-front\":{\"loadBalancer\":{\"servers\":[{\"url\":\"http://172.19.0.2:80\"}],\"passHostHeader\":true}}}},\"tcp\":{\"routers\":{\"mongodb-test\":{\"entryPoints\":[\"mongodb\"],\"service\":\"mongodb-test\",\"rule\":\"HostSNI(`test.mongodb.localhost`)\"}},\"services\":{\"mongodb-test\":{\"loadBalancer\":{\"terminationDelay\":100,\"servers\":[{\"address\":\"172.20.0.2:27017\"}]}}}},\"udp\":{}}","providerName":"docker","time":"2025-03-16T17:41:47Z"}
{"level":"debug","msg":"No default certificate, fallback to the internal generated certificate","time":"2025-03-16T17:41:47Z","tlsStoreName":"default"}
{"entryPointName":"traefik","level":"debug","middlewareName":"tracing","middlewareType":"TracingForwarder","msg":"Added outgoing tracing middleware dashboard@internal","routerName":"dashboard@internal","time":"2025-03-16T17:41:47Z"}
{"entryPointName":"traefik","level":"debug","middlewareName":"dashboard_stripprefix@internal","middlewareType":"StripPrefix","msg":"Creating middleware","routerName":"dashboard@internal","time":"2025-03-16T17:41:47Z"}
{"entryPointName":"traefik","level":"debug","middlewareName":"dashboard_stripprefix@internal","msg":"Adding tracing to middleware","routerName":"dashboard@internal","time":"2025-03-16T17:41:47Z"}
{"entryPointName":"traefik","level":"debug","middlewareName":"dashboard_redirect@internal","middlewareType":"RedirectRegex","msg":"Creating middleware","routerName":"dashboard@internal","time":"2025-03-16T17:41:47Z"}
{"entryPointName":"traefik","level":"debug","middlewareName":"dashboard_redirect@internal","middlewareType":"RedirectRegex","msg":"Setting up redirection from ^(http:\\/\\/(\\[[\\w:.]+\\]|[\\w\\._-]+)(:\\d+)?)\\/$ to ${1}/dashboard/","routerName":"dashboard@internal","time":"2025-03-16T17:41:47Z"}
{"entryPointName":"traefik","level":"debug","middlewareName":"dashboard_redirect@internal","msg":"Adding tracing to middleware","routerName":"dashboard@internal","time":"2025-03-16T17:41:47Z"}
{"entryPointName":"traefik","level":"debug","middlewareName":"tracing","middlewareType":"TracingForwarder","msg":"Added outgoing tracing middleware api@internal","routerName":"api@internal","time":"2025-03-16T17:41:47Z"}
{"entryPointName":"traefik","level":"debug","middlewareName":"traefik-internal-recovery","middlewareType":"Recovery","msg":"Creating middleware","time":"2025-03-16T17:41:47Z"}
{"entryPointName":"dashboard","level":"debug","middlewareName":"tracing","middlewareType":"TracingForwarder","msg":"Added outgoing tracing middleware ping@internal","routerName":"ping@internal","time":"2025-03-16T17:41:47Z"}
{"entryPointName":"dashboard","level":"debug","middlewareName":"tracing","middlewareType":"TracingForwarder","msg":"Added outgoing tracing middleware api@internal","routerName":"dashboard@docker","time":"2025-03-16T17:41:47Z"}
{"entryPointName":"dashboard","level":"debug","middlewareName":"traefik-internal-recovery","middlewareType":"Recovery","msg":"Creating middleware","time":"2025-03-16T17:41:47Z"}
{"entryPointName":"mongodb","level":"error","msg":"invalid rule: \"HostSNI(`test.mongodb.localhost`)\" , has HostSNI matcher, but no TLS on router","routerName":"mongodb-test@docker","time":"2025-03-16T17:41:47Z"}
{"entryPointName":"mongodb","level":"debug","msg":"Creating TCP server 0 at 172.20.0.2:27017","routerName":"mongodb-test@docker","serverName":0,"serviceName":"mongodb-test","time":"2025-03-16T17:41:47Z"}
{"entryPointName":"mongodb","level":"debug","msg":"Adding route for \"HostSNI(`test.mongodb.localhost`)\"","routerName":"mongodb-test@docker","time":"2025-03-16T17:41:47Z"}
